/*C3*/SET SCHEMA PUBLIC
DISCONNECT
/*C2*/SET SCHEMA PUBLIC
CREATE TABLE Curriculum (\u000a  id INTEGER GENERATED BY DEFAULT AS IDENTITY PRIMARY KEY,\u000a  studyNumber VARCHAR(10) NOT NULL,\u000a  name VARCHAR(200) NOT NULL,\u000a  description VARCHAR(500) NOT NULL,\u000a  academicTitle VARCHAR(30) NOT NULL,\u000a  ectsChoice INTEGER NOT NULL,\u000a  ectsFree INTEGER NOT NULL,\u000a  ectsSoftSkill INTEGER NOT NULL,\u000a  UNIQUE(id, studyNumber)\u000a)
CREATE TABLE Module (\u000a  id INTEGER GENERATED BY DEFAULT AS IDENTITY PRIMARY KEY,\u000a  name VARCHAR(200) NOT NULL,\u000a  description VARCHAR(5000),\u000a  completeAll BOOLEAN NOT NULL,\u000a  UNIQUE(name)\u000a)
CREATE TABLE MetaLVA (\u000a  id INTEGER GENERATED BY DEFAULT AS IDENTITY PRIMARY KEY,\u000a  lvaNumber VARCHAR(10) NOT NULL,\u000a  name VARCHAR(200) NOT NULL,\u000a  semester INTEGER,\u000a  type INTEGER NOT NULL,\u000a  priority FLOAT DEFAULT 0 NOT NULL,\u000a  ects FLOAT NOT NULL,\u000a  module INTEGER REFERENCES Module (id)\u000a)
CREATE TABLE Predecessor (\u000a  predecessor INTEGER FOREIGN KEY REFERENCES MetaLVA (id),\u000a  successor INTEGER FOREIGN KEY REFERENCES MetaLVA (id),\u000a  PRIMARY KEY (predecessor, successor)\u000a)
CREATE TABLE InCurriculum (\u000a  curriculum INTEGER FOREIGN KEY REFERENCES Curriculum (id),\u000a  module INTEGER FOREIGN KEY REFERENCES Module (id),\u000a  obligatory BOOLEAN NOT NULL,\u000a  PRIMARY KEY (curriculum, module)\u000a)
CREATE TABLE LVA (\u000a  id INTEGER GENERATED BY DEFAULT AS IDENTITY (START WITH 0) PRIMARY KEY,\u000a  metaLva INTEGER NOT NULL FOREIGN KEY REFERENCES MetaLVA (id),\u000a  year INTEGER NOT NULL,\u000a  isWinterSemester BOOLEAN NOT NULL,\u000a  description VARCHAR(500),\u000a  grade INTEGER,\u000a  inStudyProgress BOOLEAN DEFAULT FALSE NOT NULL,\u000a  UNIQUE (metaLva, year, isWinterSemester)\u000a)
CREATE TABLE LVADate (\u000a  id INTEGER GENERATED BY DEFAULT AS IDENTITY (START WITH 0) PRIMARY KEY,\u000a  lva INTEGER NOT NULL FOREIGN KEY REFERENCES LVA (id),\u000a  name VARCHAR(200),\u000a  description VARCHAR(500),\u000a  type INTEGER,\u000a  room VARCHAR(200),\u000a  result INTEGER DEFAULT 0,\u000a  start TIMESTAMP NOT NULL,\u000a  stop TIMESTAMP NOT NULL,\u000a  attendanceRequired BOOLEAN DEFAULT TRUE,\u000a  wasAttendant BOOLEAN DEFAULT TRUE\u000a)
CREATE TABLE Track (\u000a  id INTEGER GENERATED BY DEFAULT AS IDENTITY (START WITH 0),\u000a  lva INTEGER FOREIGN KEY REFERENCES LVA (id),\u000a  PRIMARY KEY (id, lva),\u000a  name VARCHAR(200),\u000a  description VARCHAR(500),\u000a  start TIMESTAMP NOT NULL,\u000a  stop TIMESTAMP NOT NULL\u000a)
CREATE TABLE TODO (\u000a  id INTEGER GENERATED BY DEFAULT AS IDENTITY (START WITH 0) PRIMARY KEY,\u000a  lva INTEGER FOREIGN KEY REFERENCES LVA (id),\u000a  name VARCHAR(200),\u000a  description VARCHAR(500),\u000a  done BOOLEAN DEFAULT FALSE\u000a)
CREATE TABLE Tag (\u000a  name VARCHAR(50) PRIMARY KEY\u000a)
CREATE TABLE Date (\u000a  id INTEGER GENERATED BY DEFAULT AS IDENTITY (START WITH 0) PRIMARY KEY,\u000a  tag VARCHAR(50) FOREIGN KEY REFERENCES Tag (name),\u000a  name VARCHAR(200),\u000a  description VARCHAR(200),\u000a  isIntersectable BOOLEAN,\u000a  start TIMESTAMP NOT NULL,\u000a  stop TIMESTAMP NOT NULL\u000a)
INSERT INTO CURRICULUM VALUES(0,'033 533','Data Engineering & Statistics','Data Engineering und so weiter','Bachelor',10,20,30)
INSERT INTO CURRICULUM VALUES(1,'033 534','Medieninformatik und Visual Computing','Spiele Graphik und so weiter','Bachelor',10,20,30)
INSERT INTO CURRICULUM VALUES(2,'033 535','Medizinische Informatik','Medizinische Informatik und so weiter','Bachelor',10,20,30)
COMMIT
INSERT INTO MODULE VALUES(0,'Algebra und Diskrete Mathematik','Das Modul bietet eine Einf\u00fchrung in die zentralen mathematische Grundlagen, Beweistechniken und S\u00e4tze in den Teilgebieten Algebra (v.a. algebraische Strukturen und lineare Algebra) und Diskrete Mathematik (v.a Kombinatorik und Graphentheorie). Es setzt sich aus einem Vorlesungsteil und einem begleitenden \u00dcbungsteil zusammen, der der Vertiefung der Vorlesungsinhalte und der Entwicklung von Fertigkeiten zur Erstellung korrekter mathematischer Beweise und der mathematischen Modellierung und Analyse praktischer Problemstellungen dient.',TRUE)
INSERT INTO MODULE VALUES(1,'Algorithmen und Datenstrukturen','Dieses Modul behandelt folgende Inhalte: Analyse von Algorithmen (asymptotisches Laufzeitverhalten, Omega, O- und Theta-Notation); fundamentale Datentypen und Datenstrukturen; Sortieren und Suchen; grundlegende Graphenalgorithmen; Probleml\u00f6sungsstrategien und Optimierung mit exakten, approximativen und heuristischen Verfahren; randomisierte Algorithmen;grundlegende geometrische Algorithmen.',TRUE)
INSERT INTO MODULE VALUES(2,'Freie Wahlf\u00e4cher','Da kann man beliebige Sachen raussuchen',FALSE)
INSERT INTO MODULE VALUES(3,'Studieneingangsgespr\u00e4ch','Muss am Anfang des Studiums gemacht werden',TRUE)
COMMIT
INSERT INTO METALVA VALUES(0,'104.265','Algebra und Diskrete Mathematik f\u00fcr Informatik und Wirtschaftsinformatik',2,0,0.0E0,4.0E0,0)
INSERT INTO METALVA VALUES(1,'104.263','Algebra und Diskrete Mathematik f\u00fcr Informatik und Wirtschaftsinformatik',2,2,0.0E0,5.0E0,0)
INSERT INTO METALVA VALUES(2,'186.813','Algorithmen und Datenstrukturen 1',0,1,0.0E0,6.0E0,1)
INSERT INTO METALVA VALUES(3,'186.815','Algorithmen und Datenstrukturen 2',0,1,0.0E0,3.0E0,1)
INSERT INTO METALVA VALUES(4,'187.329','Techniksoziologie und Technikpsychologie',2,1,0.0E0,3.0E0,2)
INSERT INTO METALVA VALUES(5,'187.298','Forschungsmethoden',2,1,0.0E0,3.0E0,2)
INSERT INTO METALVA VALUES(6,'280.239','EDV-Vertragsrecht',1,0,0.0E0,1.5E0,2)
INSERT INTO METALVA VALUES(7,'181.208','Softskills f\u00fcr TechnikerInnen',2,1,0.0E0,3.0E0,2)
INSERT INTO METALVA VALUES(8,'195.039','Studieneingangsgespr\u00e4ch',2,2,0.0E0,0.2E0,3)
COMMIT
INSERT INTO PREDECESSOR VALUES(8,2)
INSERT INTO PREDECESSOR VALUES(8,3)
INSERT INTO PREDECESSOR VALUES(8,0)
INSERT INTO PREDECESSOR VALUES(8,1)
COMMIT
INSERT INTO LVA VALUES(0,0,2013,FALSE,'Hier steht dann die Beschreibung zu Algebra und Diskrete Mathematik f\u00fcr Wirtschaftsinformatik',0,FALSE)
INSERT INTO LVA VALUES(1,1,2013,FALSE,'Hier steht dann die Beschreibung zu Algebra und Diskrete Mathematik f\u00fcr Wirtschaftsinformatik',0,FALSE)
INSERT INTO LVA VALUES(2,2,2013,FALSE,'Hier steht dann die Beschreibung zu Algorithmen und Datenstrukturen 1',0,FALSE)
INSERT INTO LVA VALUES(3,3,2013,FALSE,'Hier steht dann die Beschreibung zu Algorithmen und Datenstrukturen 2',0,FALSE)
INSERT INTO LVA VALUES(4,4,2013,FALSE,'Hier steht dann die Beschreibung zu Technikpsychologie und Technikpsychologie',0,FALSE)
INSERT INTO LVA VALUES(5,5,2013,FALSE,'Hier steht dann die Beschreibung zu Forschungsmethoden',0,FALSE)
INSERT INTO LVA VALUES(6,7,2013,FALSE,'Hier steht dann die Beschreibung zu Softskills f\u00fcr TechnikerInnen',0,FALSE)
INSERT INTO LVA VALUES(7,8,2013,FALSE,'Hier steht dann die Beschreibung zu Studieneingangsgespr\u00e4ch',0,FALSE)
COMMIT
INSERT INTO INCURRICULUM VALUES(0,3,TRUE)
INSERT INTO INCURRICULUM VALUES(0,1,TRUE)
INSERT INTO INCURRICULUM VALUES(1,3,TRUE)
INSERT INTO INCURRICULUM VALUES(1,1,TRUE)
INSERT INTO INCURRICULUM VALUES(1,2,FALSE)
INSERT INTO INCURRICULUM VALUES(2,3,TRUE)
COMMIT
INSERT INTO LVADATE VALUES(0,0,'VO - Algebra','blablabla \u00fcber Mathe - VO',0,'HS 17 Friedrich Hartmann',NULL,'2013-03-04 12:15:00.000000','2013-03-04 13:45:00.000000',FALSE,TRUE)
INSERT INTO LVADATE VALUES(1,0,'VO - Algebra','blablabla \u00fcber Mathe - VO',0,'HS 17 Friedrich Hartmann',NULL,'2013-03-11 12:15:00.000000','2013-03-11 13:45:00.000000',FALSE,TRUE)
INSERT INTO LVADATE VALUES(2,0,'VO - Algebra','blablabla \u00fcber Mathe - VO',0,'HS 17 Friedrich Hartmann',NULL,'2013-03-18 12:15:00.000000','2013-03-18 13:45:00.000000',FALSE,TRUE)
INSERT INTO LVADATE VALUES(3,0,'VO - Algebra','blablabla \u00fcber Mathe - VO',0,'HS 17 Friedrich Hartmann',NULL,'2013-04-08 12:15:00.000000','2013-04-08 13:45:00.000000',FALSE,FALSE)
INSERT INTO LVADATE VALUES(4,0,'VO - Algebra','blablabla \u00fcber Mathe - VO',0,'HS 17 Friedrich Hartmann',NULL,'2013-04-15 12:15:00.000000','2013-04-15 13:45:00.000000',FALSE,TRUE)
INSERT INTO LVADATE VALUES(5,0,'VO - Algebra','blablabla \u00fcber Mathe - VO',0,'HS 17 Friedrich Hartmann',NULL,'2013-04-22 12:15:00.000000','2013-04-22 13:45:00.000000',FALSE,FALSE)
INSERT INTO LVADATE VALUES(6,0,'VO - Algebra','blablabla \u00fcber Mathe - VO',0,'HS 17 Friedrich Hartmann',NULL,'2013-03-06 08:00:00.000000','2013-03-06 10:00:00.000000',FALSE,TRUE)
INSERT INTO LVADATE VALUES(7,0,'VO - Algebra','blablabla \u00fcber Mathe - VO',0,'HS 17 Friedrich Hartmann',NULL,'2013-03-13 08:00:00.000000','2013-03-13 10:00:00.000000',FALSE,TRUE)
INSERT INTO LVADATE VALUES(8,0,'VO - Algebra','blablabla \u00fcber Mathe - VO',0,'HS 17 Friedrich Hartmann',NULL,'2013-03-20 08:00:00.000000','2013-03-20 10:00:00.000000',FALSE,TRUE)
INSERT INTO LVADATE VALUES(9,0,'VO - Algebra','blablabla \u00fcber Mathe - VO',0,'HS 17 Friedrich Hartmann',NULL,'2013-04-10 08:00:00.000000','2013-04-10 10:00:00.000000',FALSE,FALSE)
INSERT INTO LVADATE VALUES(10,0,'VO - Algebra','blablabla \u00fcber Mathe - VO',0,'HS 17 Friedrich Hartmann',NULL,'2013-04-17 08:00:00.000000','2013-04-17 10:00:00.000000',FALSE,TRUE)
INSERT INTO LVADATE VALUES(11,0,'VO - Algebra','blablabla \u00fcber Mathe - VO',0,'HS 17 Friedrich Hartmann',NULL,'2013-04-24 08:00:00.000000','2013-04-24 10:00:00.000000',FALSE,TRUE)
INSERT INTO LVADATE VALUES(12,0,'Pr\u00fcfung - Algebra','blablabla \u00fcber Mathe - Pr\u00fcfung',2,'EI 7 H\u00f6rsaal',NULL,'2013-06-28 12:00:00.000000','2013-06-28 14:30:00.000000',TRUE,NULL)
INSERT INTO LVADATE VALUES(13,0,'Pr\u00fcfung - Algebra','blablabla \u00fcber Mathe - Pr\u00fcfung',2,'EI 7 H\u00f6rsaal',NULL,'2013-07-02 10:00:00.000000','2013-07-02 12:30:00.000000',TRUE,NULL)
INSERT INTO LVADATE VALUES(14,1,'UE - Algebra G1','blablabla \u00fcber Mathe - UE',1,'EI 8 P\u00f6tzl HS',NULL,'2013-03-11 08:30:00.000000','2013-03-11 10:00:00.000000',TRUE,TRUE)
INSERT INTO LVADATE VALUES(15,1,'UE - Algebra G1','blablabla \u00fcber Mathe - UE',1,'EI 8 P\u00f6tzl HS',NULL,'2013-03-18 08:30:00.000000','2013-03-18 10:00:00.000000',TRUE,TRUE)
INSERT INTO LVADATE VALUES(16,1,'UE - Algebra G1','blablabla \u00fcber Mathe - UE',1,'EI 8 P\u00f6tzl HS',NULL,'2013-03-25 08:30:00.000000','2013-03-25 10:00:00.000000',TRUE,TRUE)
INSERT INTO LVADATE VALUES(17,1,'UE - Algebra G1','blablabla \u00fcber Mathe - UE',1,'EI 8 P\u00f6tzl HS',75,'2013-04-01 08:30:00.000000','2013-04-01 10:00:00.000000',TRUE,TRUE)
INSERT INTO LVADATE VALUES(18,1,'UE - Algebra G1','blablabla \u00fcber Mathe - UE',1,'EI 8 P\u00f6tzl HS',NULL,'2013-04-08 08:30:00.000000','2013-04-08 10:00:00.000000',TRUE,TRUE)
INSERT INTO LVADATE VALUES(19,1,'UE - Algebra G1','blablabla \u00fcber Mathe - UE',1,'EI 8 P\u00f6tzl HS',100,'2013-04-15 08:30:00.000000','2013-04-15 10:00:00.000000',TRUE,TRUE)
INSERT INTO LVADATE VALUES(20,1,'UE - Algebra G1','blablabla \u00fcber Mathe - UE',1,'EI 8 P\u00f6tzl HS',NULL,'2013-04-22 08:30:00.000000','2013-04-22 10:00:00.000000',TRUE,TRUE)
INSERT INTO LVADATE VALUES(21,1,'UE - Algebra G1','blablabla \u00fcber Mathe - UE',1,'EI 8 P\u00f6tzl HS',NULL,'2013-04-29 08:30:00.000000','2013-04-29 10:00:00.000000',TRUE,TRUE)
INSERT INTO LVADATE VALUES(22,1,'UE - Algebra G1','blablabla \u00fcber Mathe - UE',1,'EI 8 P\u00f6tzl HS',NULL,'2013-05-06 08:30:00.000000','2013-05-06 10:00:00.000000',TRUE,TRUE)
INSERT INTO LVADATE VALUES(23,1,'UE - Algebra G1','blablabla \u00fcber Mathe - UE',1,'EI 8 P\u00f6tzl HS',NULL,'2013-05-13 08:30:00.000000','2013-05-13 10:00:00.000000',TRUE,TRUE)
INSERT INTO LVADATE VALUES(24,1,'UE - Algebra G1','blablabla \u00fcber Mathe - UE',1,'EI 8 P\u00f6tzl HS',NULL,'2013-05-20 08:30:00.000000','2013-05-20 10:00:00.000000',TRUE,TRUE)
INSERT INTO LVADATE VALUES(25,1,'UE - Algebra G1','blablabla \u00fcber Mathe - UE',1,'EI 8 P\u00f6tzl HS',NULL,'2013-05-27 08:30:00.000000','2013-05-27 10:00:00.000000',TRUE,TRUE)
INSERT INTO LVADATE VALUES(26,2,'VO - Algodat1','blablabla \u00fcber Algodat1 - VO',0,'Kuppelsaal',NULL,'2013-03-06 09:15:00.000000','2013-03-06 10:45:00.000000',FALSE,TRUE)
INSERT INTO LVADATE VALUES(27,2,'VO - Algodat1','blablabla \u00fcber Algodat1 - VO',0,'Kuppelsaal',NULL,'2013-03-13 09:15:00.000000','2013-03-13 10:45:00.000000',FALSE,TRUE)
INSERT INTO LVADATE VALUES(28,2,'VO - Algodat1','blablabla \u00fcber Algodat1 - VO',0,'Kuppelsaal',NULL,'2013-03-20 09:15:00.000000','2013-03-20 10:45:00.000000',FALSE,TRUE)
INSERT INTO LVADATE VALUES(29,2,'VO - Algodat1','blablabla \u00fcber Algodat1 - VO',0,'Kuppelsaal',NULL,'2013-04-27 09:15:00.000000','2013-04-27 10:45:00.000000',FALSE,TRUE)
INSERT INTO LVADATE VALUES(30,2,'VO - Algodat1','blablabla \u00fcber Algodat1 - VO',0,'Kuppelsaal',NULL,'2013-04-10 09:15:00.000000','2013-04-10 10:45:00.000000',FALSE,TRUE)
INSERT INTO LVADATE VALUES(31,2,'VO - Algodat1','blablabla \u00fcber Algodat1 - VO',0,'Kuppelsaal',NULL,'2013-04-17 09:15:00.000000','2013-04-17 10:45:00.000000',FALSE,TRUE)
INSERT INTO LVADATE VALUES(32,2,'VO - Algodat1','blablabla \u00fcber Algodat1 - VO',0,'Kuppelsaal',NULL,'2013-04-24 09:15:00.000000','2013-04-24 10:45:00.000000',FALSE,NULL)
INSERT INTO LVADATE VALUES(33,2,'VO - Algodat1','blablabla \u00fcber Algodat1 - VO',0,'Kuppelsaal',NULL,'2013-05-08 09:15:00.000000','2013-05-08 10:45:00.000000',FALSE,NULL)
INSERT INTO LVADATE VALUES(34,2,'VO - Algodat1','blablabla \u00fcber Algodat1 - VO',0,'Kuppelsaal',NULL,'2013-05-15 09:15:00.000000','2013-05-15 10:45:00.000000',FALSE,TRUE)
INSERT INTO LVADATE VALUES(35,2,'VO - Algodat1','blablabla \u00fcber Algodat1 - VO',0,'Kuppelsaal',NULL,'2013-03-07 11:15:00.000000','2013-03-17 12:45:00.000000',FALSE,TRUE)
INSERT INTO LVADATE VALUES(36,2,'VO - Algodat1','blablabla \u00fcber Algodat1 - VO',0,'Kuppelsaal',NULL,'2013-03-14 11:15:00.000000','2013-03-14 12:45:00.000000',FALSE,TRUE)
INSERT INTO LVADATE VALUES(37,2,'VO - Algodat1','blablabla \u00fcber Algodat1 - VO',0,'EI 7 H\u00f6rsaal',NULL,'2013-03-21 11:15:00.000000','2013-03-21 12:45:00.000000',FALSE,TRUE)
INSERT INTO LVADATE VALUES(38,2,'VO - Algodat1','blablabla \u00fcber Algodat1 - VO',0,'Kuppelsaal',NULL,'2013-04-11 11:15:00.000000','2013-04-11 12:45:00.000000',FALSE,TRUE)
INSERT INTO LVADATE VALUES(39,2,'VO - Algodat1','blablabla \u00fcber Algodat1 - VO',0,'Kuppelsaal',NULL,'2013-04-18 11:15:00.000000','2013-04-18 12:45:00.000000',FALSE,TRUE)
INSERT INTO LVADATE VALUES(40,2,'VO - Algodat1','blablabla \u00fcber Algodat1 - VO',0,'Kuppelsaal',NULL,'2013-04-25 11:15:00.000000','2013-04-25 12:45:00.000000',FALSE,TRUE)
INSERT INTO LVADATE VALUES(41,2,'VO - Algodat1','blablabla \u00fcber Algodat1 - VO',0,'Kuppelsaal',NULL,'2013-05-02 11:15:00.000000','2013-05-02 12:45:00.000000',FALSE,FALSE)
INSERT INTO LVADATE VALUES(42,2,'VO - Algodat1','blablabla \u00fcber Algodat1 - VO',0,'Kuppelsaal',NULL,'2013-05-09 11:15:00.000000','2013-05-09 12:45:00.000000',FALSE,FALSE)
INSERT INTO LVADATE VALUES(43,2,'VO - Algodat1','blablabla \u00fcber Algodat1 - VO',0,'Kuppelsaal',NULL,'2013-05-16 11:15:00.000000','2013-05-16 12:45:00.000000',FALSE,TRUE)
INSERT INTO LVADATE VALUES(44,2,'Pr\u00fcfung - Algodat1','blablabla \u00fcber Algodat1 - Pr\u00fcfung',2,NULL,NULL,'2013-04-25 18:00:00.000000','2013-04-25 20:00:00.000000',TRUE,NULL)
INSERT INTO LVADATE VALUES(45,2,'Pr\u00fcfung - Algodat1','blablabla \u00fcber Algodat1 - Pr\u00fcfung',2,NULL,NULL,'2013-06-06 18:00:00.000000','2013-06-06 20:00:00.000000',TRUE,NULL)
INSERT INTO LVADATE VALUES(46,2,'UE - Algodat1 Gruppe 04','blablabla \u00fcber Algodat1 - UE',1,'Seminarraum 186',NULL,'2013-03-18 11:00:00.000000','2013-03-18 11:55:00.000000',TRUE,NULL)
INSERT INTO LVADATE VALUES(47,2,'UE - Algodat1 Gruppe 04','blablabla \u00fcber Algodat1 - UE',1,'Seminarraum 186',NULL,'2013-04-15 11:00:00.000000','2013-04-15 11:55:00.000000',TRUE,NULL)
INSERT INTO LVADATE VALUES(48,2,'UE - Algodat1 Gruppe 04','blablabla \u00fcber Algodat1 - UE',1,'Seminarraum 186',NULL,'2013-04-29 11:00:00.000000','2013-04-29 11:55:00.000000',TRUE,NULL)
INSERT INTO LVADATE VALUES(49,2,'UE - Algodat1 Gruppe 04','blablabla \u00fcber Algodat1 - UE',1,'Seminarraum 186',NULL,'2013-05-27 11:00:00.000000','2013-05-27 11:55:00.000000',TRUE,NULL)
INSERT INTO LVADATE VALUES(50,2,'Algodat1: Deadline 1. Beispielblatt','blablabla \u00fcber Algodat1 - Beispielblatt',3,NULL,NULL,'2013-04-09 00:00:00.000000','2013-04-09 00:00:00.000000',NULL,NULL)
INSERT INTO LVADATE VALUES(51,2,'Algodat1: Deadline Programmieraufgabe','blablabla \u00fcber Algodat1 - Programmieraufgabe',3,NULL,NULL,'2013-05-13 15:00:00.000000','2013-05-13 15:00:00.000000',NULL,NULL)
INSERT INTO LVADATE VALUES(52,2,'Algodat1: Deadline 2. Beispielblatt','blablabla \u00fcber Algodat1 - Beispielblatt',3,NULL,NULL,'2013-05-21 00:00:00.000000','2013-05-21 00:00:00.000000',NULL,NULL)
INSERT INTO LVADATE VALUES(53,3,'VO - Algodat2','blablabla \u00fcber Algodat2 - VO',0,'Kuppelsaal',NULL,'2013-05-22 09:15:00.000000','2013-05-22 10:45:00.000000',FALSE,TRUE)
INSERT INTO LVADATE VALUES(54,3,'VO - Algodat2','blablabla \u00fcber Algodat2 - VO',0,'Kuppelsaal',NULL,'2013-05-29 09:15:00.000000','2013-05-29 10:45:00.000000',FALSE,FALSE)
INSERT INTO LVADATE VALUES(55,3,'VO - Algodat2','blablabla \u00fcber Algodat2 - VO',0,'Kuppelsaal',NULL,'2013-06-05 09:15:00.000000','2013-06-05 10:45:00.000000',FALSE,FALSE)
INSERT INTO LVADATE VALUES(56,3,'VO - Algodat2','blablabla \u00fcber Algodat2 - VO',0,'Kuppelsaal',NULL,'2013-06-12 09:15:00.000000','2013-06-12 10:45:00.000000',FALSE,FALSE)
INSERT INTO LVADATE VALUES(57,3,'VO - Algodat2','blablabla \u00fcber Algodat2 - VO',0,'Kuppelsaal',NULL,'2013-06-19 09:15:00.000000','2013-06-19 10:45:00.000000',FALSE,TRUE)
INSERT INTO LVADATE VALUES(58,3,'VO - Algodat2','blablabla \u00fcber Algodat2 - VO',0,'Kuppelsaal',NULL,'2013-06-26 09:15:00.000000','2013-06-26 10:45:00.000000',FALSE,FALSE)
INSERT INTO LVADATE VALUES(59,3,'VO - Algodat2','blablabla \u00fcber Algodat2 - VO',0,'Kuppelsaal',NULL,'2013-05-22 11:15:00.000000','2013-05-22 12:45:00.000000',FALSE,NULL)
INSERT INTO LVADATE VALUES(60,3,'VO - Algodat2','blablabla \u00fcber Algodat2 - VO',0,'Kuppelsaal',NULL,'2013-05-30 11:15:00.000000','2013-05-30 12:45:00.000000',FALSE,NULL)
INSERT INTO LVADATE VALUES(61,3,'VO - Algodat2','blablabla \u00fcber Algodat2 - VO',0,'Kuppelsaal',NULL,'2013-06-06 11:15:00.000000','2013-06-06 12:45:00.000000',FALSE,NULL)
INSERT INTO LVADATE VALUES(62,3,'VO - Algodat2','blablabla \u00fcber Algodat2 - VO',0,'Kuppelsaal',NULL,'2013-06-13 11:15:00.000000','2013-06-13 12:45:00.000000',FALSE,NULL)
INSERT INTO LVADATE VALUES(63,3,'VO - Algodat2','blablabla \u00fcber Algodat2 - VO',0,'Kuppelsaal',NULL,'2013-06-20 11:15:00.000000','2013-06-20 12:45:00.000000',FALSE,TRUE)
INSERT INTO LVADATE VALUES(64,3,'VO - Algodat2','blablabla \u00fcber Algodat2 - VO',0,'Kuppelsaal',NULL,'2013-06-27 11:15:00.000000','2013-06-27 12:45:00.000000',FALSE,TRUE)
INSERT INTO LVADATE VALUES(65,2,'Pr\u00fcfung - Algodat1','blablabla \u00fcber Algodat1 - Pr\u00fcfung',2,NULL,NULL,'2013-06-27 18:00:00.000000','2013-06-27 21:00:00.000000',TRUE,NULL)
INSERT INTO LVADATE VALUES(66,3,'UE - Algodat2 Gruppe 08','blablabla \u00fcber Algodat2 - UE',1,'FH HS 4',NULL,'2013-06-10 17:00:00.000000','2013-06-10 17:55:00.000000',TRUE,NULL)
INSERT INTO LVADATE VALUES(67,3,'UE - Algodat2 Gruppe 08','blablabla \u00fcber Algodat2 - UE',1,'FH HS 4',NULL,'2013-06-24 17:00:00.000000','2013-06-24 17:55:00.000000',TRUE,NULL)
INSERT INTO LVADATE VALUES(68,4,'VO - Techniksoziologie und Technikpsychologie','blablabla \u00fcber Techniksoziologie und Technikpsychologie',0,'Seminarraum 187/2',NULL,'2013-03-05 14:00:00.000000','2013-03-05 18:00:00.000000',TRUE,NULL)
INSERT INTO LVADATE VALUES(69,4,'VO - Techniksoziologie und Technikpsychologie','blablabla \u00fcber Techniksoziologie und Technikpsychologie',0,'Seminarraum 187/2',NULL,'2013-03-12 14:00:00.000000','2013-03-12 18:00:00.000000',TRUE,NULL)
INSERT INTO LVADATE VALUES(70,4,'VO - Techniksoziologie und Technikpsychologie','blablabla \u00fcber Techniksoziologie und Technikpsychologie',0,'Seminarraum 187/2',NULL,'2013-03-19 14:00:00.000000','2013-03-19 18:00:00.000000',TRUE,NULL)
INSERT INTO LVADATE VALUES(71,4,'VO - Techniksoziologie und Technikpsychologie','blablabla \u00fcber Techniksoziologie und Technikpsychologie',0,'Seminarraum 187/2',NULL,'2013-04-09 14:00:00.000000','2013-04-09 18:00:00.000000',TRUE,NULL)
INSERT INTO LVADATE VALUES(72,4,'VO - Techniksoziologie und Technikpsychologie','blablabla \u00fcber Techniksoziologie und Technikpsychologie',0,'Seminarraum 187/2',NULL,'2013-04-16 14:00:00.000000','2013-04-16 18:00:00.000000',TRUE,NULL)
INSERT INTO LVADATE VALUES(73,4,'VO - Techniksoziologie und Technikpsychologie','blablabla \u00fcber Techniksoziologie und Technikpsychologie',0,'Seminarraum 187/2',NULL,'2013-04-23 14:00:00.000000','2013-04-23 18:00:00.000000',TRUE,NULL)
INSERT INTO LVADATE VALUES(74,4,'VO - Techniksoziologie und Technikpsychologie','blablabla \u00fcber Techniksoziologie und Technikpsychologie',0,'Seminarraum 187/2',NULL,'2013-04-30 14:00:00.000000','2013-04-30 18:00:00.000000',TRUE,NULL)
INSERT INTO LVADATE VALUES(75,4,'VO - Techniksoziologie und Technikpsychologie','blablabla \u00fcber Techniksoziologie und Technikpsychologie',0,'Seminarraum 187/2',NULL,'2013-05-07 14:00:00.000000','2013-05-07 18:00:00.000000',TRUE,NULL)
INSERT INTO LVADATE VALUES(76,4,'VO - Techniksoziologie und Technikpsychologie','blablabla \u00fcber Techniksoziologie und Technikpsychologie',0,'Seminarraum 187/2',NULL,'2013-05-14 14:00:00.000000','2013-05-14 18:00:00.000000',TRUE,NULL)
INSERT INTO LVADATE VALUES(77,4,'VO - Techniksoziologie und Technikpsychologie','blablabla \u00fcber Techniksoziologie und Technikpsychologie',0,'Seminarraum 187/2',NULL,'2013-05-28 14:00:00.000000','2013-05-28 18:00:00.000000',TRUE,NULL)
INSERT INTO LVADATE VALUES(78,4,'VO - Techniksoziologie und Technikpsychologie','blablabla \u00fcber Techniksoziologie und Technikpsychologie',0,'Seminarraum 187/2',NULL,'2013-06-04 14:00:00.000000','2013-06-04 18:00:00.000000',TRUE,NULL)
INSERT INTO LVADATE VALUES(79,4,'VO - Techniksoziologie und Technikpsychologie','blablabla \u00fcber Techniksoziologie und Technikpsychologie',0,'Seminarraum 187/2',NULL,'2013-06-11 14:00:00.000000','2013-06-11 18:00:00.000000',TRUE,NULL)
INSERT INTO LVADATE VALUES(80,5,'VU - Forschungsmethoden','blablabla \u00fcber Forschugnsmethoden',0,'Seminarraum 187/2',NULL,'2013-03-05 13:30:00.000000','2013-03-05 19:00:00.000000',FALSE,NULL)
INSERT INTO LVADATE VALUES(81,5,'VU - Forschungsmethoden','blablabla \u00fcber Forschugnsmethoden',0,'Seminarraum 187/2',NULL,'2013-03-12 13:30:00.000000','2013-03-12 19:00:00.000000',FALSE,NULL)
INSERT INTO LVADATE VALUES(82,5,'VU - Forschungsmethoden','blablabla \u00fcber Forschugnsmethoden',0,'Seminarraum 187/2',NULL,'2013-03-19 13:30:00.000000','2013-03-19 19:00:00.000000',FALSE,NULL)
INSERT INTO LVADATE VALUES(83,5,'VU - Forschungsmethoden','blablabla \u00fcber Forschugnsmethoden',0,'Seminarraum 187/2',NULL,'2013-03-26 13:30:00.000000','2013-03-26 19:00:00.000000',FALSE,NULL)
INSERT INTO LVADATE VALUES(84,5,'VU - Forschungsmethoden','blablabla \u00fcber Forschugnsmethoden',0,'Seminarraum 187/2',NULL,'2013-04-09 13:30:00.000000','2013-04-09 19:00:00.000000',FALSE,NULL)
INSERT INTO LVADATE VALUES(85,5,'VU - Forschungsmethoden','blablabla \u00fcber Forschugnsmethoden',0,'Seminarraum 187/2',NULL,'2013-04-16 13:30:00.000000','2013-04-16 19:00:00.000000',FALSE,NULL)
INSERT INTO LVADATE VALUES(86,5,'VU - Forschungsmethoden','blablabla \u00fcber Forschugnsmethoden',0,'Seminarraum 187/2',NULL,'2013-04-23 13:30:00.000000','2013-04-23 19:00:00.000000',FALSE,NULL)
INSERT INTO LVADATE VALUES(87,5,'VU - Forschungsmethoden','blablabla \u00fcber Forschugnsmethoden',0,'Seminarraum 187/2',NULL,'2013-04-30 13:30:00.000000','2013-04-30 19:00:00.000000',FALSE,NULL)
INSERT INTO LVADATE VALUES(88,5,'VU - Forschungsmethoden','blablabla \u00fcber Forschugnsmethoden',0,'Seminarraum 187/2',NULL,'2013-05-07 13:30:00.000000','2013-05-07 19:00:00.000000',FALSE,NULL)
INSERT INTO LVADATE VALUES(89,5,'VU - Forschungsmethoden','blablabla \u00fcber Forschugnsmethoden',0,'Seminarraum 187/2',NULL,'2013-05-14 13:30:00.000000','2013-05-14 19:00:00.000000',FALSE,NULL)
INSERT INTO LVADATE VALUES(90,5,'VU - Forschungsmethoden','blablabla \u00fcber Forschugnsmethoden',0,'Seminarraum 187/2',NULL,'2013-05-21 13:30:00.000000','2013-05-21 19:00:00.000000',FALSE,NULL)
INSERT INTO LVADATE VALUES(91,5,'VU - Forschungsmethoden','blablabla \u00fcber Forschugnsmethoden',0,'Seminarraum 187/2',NULL,'2013-05-28 13:30:00.000000','2013-05-28 19:00:00.000000',FALSE,NULL)
INSERT INTO LVADATE VALUES(92,5,'VU - Forschungsmethoden','blablabla \u00fcber Forschugnsmethoden',0,'Seminarraum 187/2',NULL,'2013-06-04 13:30:00.000000','2013-06-04 19:00:00.000000',FALSE,NULL)
INSERT INTO LVADATE VALUES(93,5,'VU - Forschungsmethoden','blablabla \u00fcber Forschugnsmethoden',0,'Seminarraum 187/2',NULL,'2013-06-11 13:30:00.000000','2013-06-11 19:00:00.000000',FALSE,NULL)
INSERT INTO LVADATE VALUES(94,5,'VU - Forschungsmethoden','blablabla \u00fcber Forschugnsmethoden',0,'Seminarraum 187/2',NULL,'2013-06-28 13:30:00.000000','2013-06-28 19:00:00.000000',FALSE,NULL)
INSERT INTO LVADATE VALUES(95,5,'VU - Forschungsmethoden','blablabla \u00fcber Forschugnsmethoden',0,'Seminarraum 187/2',NULL,'2013-06-25 13:30:00.000000','2013-06-25 19:00:00.000000',FALSE,NULL)
INSERT INTO LVADATE VALUES(96,6,'VU - Softskills f\u00fcr TechnikerInnen','Vorbesprechung f\u00fcr Softskills f\u00fcr Technikerinnen',0,'EI 8 P\u00f6tzl HS',NULL,'2013-03-07 18:00:00.000000','2013-03-07 19:00:00.000000',FALSE,TRUE)
INSERT INTO LVADATE VALUES(97,6,'VU - Softskills f\u00fcr TechnikerInnen','blablabla \u00fcber Softskills f\u00fcr TechnikerInnen',0,'EI 8 P\u00f6tzl HS',NULL,'2013-03-14 18:00:00.000000','2013-03-14 20:00:00.000000',FALSE,TRUE)
INSERT INTO LVADATE VALUES(98,6,'VU - Softskills f\u00fcr TechnikerInnen','blablabla \u00fcber Softskills f\u00fcr TechnikerInnen',0,'EI 8 P\u00f6tzl HS',NULL,'2013-03-21 18:00:00.000000','2013-03-21 20:00:00.000000',FALSE,TRUE)
INSERT INTO LVADATE VALUES(99,6,'VU - Softskills f\u00fcr TechnikerInnen','blablabla \u00fcber Softskills f\u00fcr TechnikerInnen',0,'EI 8 P\u00f6tzl HS',NULL,'2013-03-28 18:00:00.000000','2013-03-28 20:00:00.000000',FALSE,TRUE)
INSERT INTO LVADATE VALUES(100,6,'VU - Softskills f\u00fcr TechnikerInnen','blablabla \u00fcber Softskills f\u00fcr TechnikerInnen',0,'EI 8 P\u00f6tzl HS',NULL,'2013-03-04 18:00:00.000000','2013-03-04 20:00:00.000000',FALSE,FALSE)
INSERT INTO LVADATE VALUES(101,6,'VU - Softskills f\u00fcr TechnikerInnen','blablabla \u00fcber Softskills f\u00fcr TechnikerInnen',0,'EI 8 P\u00f6tzl HS',NULL,'2013-03-11 18:00:00.000000','2013-03-11 20:00:00.000000',FALSE,TRUE)
INSERT INTO LVADATE VALUES(102,6,'VU - Softskills f\u00fcr TechnikerInnen','blablabla \u00fcber Softskills f\u00fcr TechnikerInnen',0,'EI 8 P\u00f6tzl HS',NULL,'2013-03-18 18:00:00.000000','2013-03-18 20:00:00.000000',FALSE,TRUE)
INSERT INTO LVADATE VALUES(103,7,'Studieneingangsgespr\u00e4ch','da MUSS ich hingehen ... nicht vergessen!!!!!!!!!',1,'muss ich noch nachschauen',NULL,'2013-02-14 18:00:00.000000','2013-02-14 19:00:00.000000',TRUE,TRUE)
COMMIT
INSERT INTO TRACK VALUES(0,1,'\u00dcbung machen','qertbe fg','2013-04-05 11:01:00.000000','2013-04-05 20:00:00.000000')
INSERT INTO TRACK VALUES(1,1,'\u00dcbung machen','- k\u00fcp34i \u00fc0poekas','2013-04-06 12:02:00.000000','2013-04-06 21:00:00.000000')
INSERT INTO TRACK VALUES(2,1,'\u00dcbung','Beispiele 23, 25, 27, 31, 45','2013-04-07 13:03:00.000000','2013-04-07 17:00:00.000000')
INSERT INTO TRACK VALUES(3,2,'Lernen','','2013-04-08 14:04:00.000000','2013-04-08 14:50:45.000000')
INSERT INTO TRACK VALUES(4,2,NULL,'asdfasdf','2013-04-09 15:05:00.000000','2013-04-09 17:00:00.000000')
INSERT INTO TRACK VALUES(5,2,'Programmieraufgabe','','2013-04-10 16:06:00.000000','2013-04-10 23:00:00.000000')
INSERT INTO TRACK VALUES(6,2,'Studenvorbereitung',NULL,'2013-04-11 17:07:00.000000','2013-04-11 19:00:31.000000')
INSERT INTO TRACK VALUES(7,3,NULL,'','2013-04-14 20:10:00.000000','2013-04-14 22:00:23.000000')
INSERT INTO TRACK VALUES(8,3,'\u00dcbung machen','','2013-04-15 18:11:00.000000','2013-04-15 20:00:00.000000')
INSERT INTO TRACK VALUES(9,3,'','','2013-04-16 14:12:00.000000','2013-04-16 23:00:00.000000')
INSERT INTO TRACK VALUES(10,3,'\u00dcbung machen','asdf','2013-04-17 23:13:00.000000','2013-04-18 05:00:00.000000')
INSERT INTO TRACK VALUES(11,4,'\u00dcbung machen','asd sadf asdf sdf ','2013-04-18 10:14:00.000000','2013-04-18 11:00:56.000000')
INSERT INTO TRACK VALUES(12,2,'\u00dcbung machen',NULL,'2013-04-13 19:09:00.000000','2013-04-13 23:00:00.000000')
INSERT INTO TRACK VALUES(13,4,'Pr\u00e4sentation vorbereiten','','2013-04-19 11:15:00.000000','2013-04-19 23:00:00.000000')
INSERT INTO TRACK VALUES(14,2,'Gruppenlernen','','2013-04-12 18:08:00.000000','2013-04-12 19:00:00.000000')
INSERT INTO TRACK VALUES(15,4,'','','2013-04-20 20:16:00.000000','2013-04-20 21:00:23.000000')
COMMIT
INSERT INTO TODO VALUES(0,1,'Skript Kaufen','Favoritenbstra\u00dfe, Stiege 3, 3. Stock Zimmer H1234',FALSE)
INSERT INTO TODO VALUES(1,NULL,'\u00d6B-Beitrag einzahlen','Kontonummer 12341234, Bankleitzahl 12341234, Betrag 17,50 \u20ac',FALSE)
INSERT INTO TODO VALUES(2,NULL,'Ausgeborge B\u00fccher zur\u00fcckbringen','enliehen bis 24.05.2013',FALSE)
INSERT INTO TODO VALUES(3,0,'Prof. fragen was eine Detrminante ist','',TRUE)
COMMIT
INSERT INTO TAG VALUES('Freizeit')
INSERT INTO TAG VALUES('Arbeit')
INSERT INTO TAG VALUES('Feiertage')
INSERT INTO TAG VALUES('Schwimmen')
INSERT INTO TAG VALUES('Schlagzeug')
COMMIT
INSERT INTO DATE VALUES(0,NULL,NULL,NULL,FALSE,'2013-04-16 01:13:00.000000','2013-04-16 15:13:00.000000')
INSERT INTO DATE VALUES(1,'Arbeit',' ',NULL,FALSE,'2013-05-02 09:00:00.000000','2013-05-02 17:45:00.000000')
INSERT INTO DATE VALUES(2,'Feiertage','Staatsfeiertag','',TRUE,'2013-05-01 00:00:00.000000','2013-05-01 23:59:59.999900')
INSERT INTO DATE VALUES(3,'Schwimmen','Stadionbad','',TRUE,'2013-04-18 17:00:00.000000','2013-04-18 20:00:00.000000')
INSERT INTO DATE VALUES(4,'Schwimmen','Stadionbad','Tauchkurs!!',FALSE,'2013-04-25 17:00:00.000000','2013-04-25 20:00:00.000000')
INSERT INTO DATE VALUES(5,'Schwimmen','Stadionbad','',TRUE,'2013-05-02 17:00:00.000000','2013-05-02 20:00:00.000000')
INSERT INTO DATE VALUES(6,NULL,'Schlagzeug','',FALSE,'2013-03-17 20:30:00.000000','2013-03-17 23:00:00.000000')
INSERT INTO DATE VALUES(7,NULL,'Schlagzeug','',FALSE,'2013-03-18 20:30:00.000000','2013-03-18 23:00:00.000000')
INSERT INTO DATE VALUES(8,'Feiertage','Florian','',TRUE,'2013-05-04 00:00:00.000000','2013-05-04 00:00:00.000000')
INSERT INTO DATE VALUES(9,NULL,'irgendwas war da ...','',FALSE,'2013-06-17 09:00:00.000000','2013-06-17 22:00:00.000000')
INSERT INTO DATE VALUES(10,'Arbeit','Arbeit',NULL,FALSE,'2013-06-03 08:30:00.000000','2013-06-03 18:00:00.000000')
INSERT INTO DATE VALUES(11,'Arbeit','Arbeit',NULL,FALSE,'2013-06-04 08:30:00.000000','2013-06-04 18:00:00.000000')
INSERT INTO DATE VALUES(12,'Arbeit','Arbeit',NULL,FALSE,'2013-06-05 08:30:00.000000','2013-06-05 18:00:00.000000')
INSERT INTO DATE VALUES(13,'Arbeit','Arbeit',NULL,FALSE,'2013-06-05 08:30:00.000000','2013-06-06 18:00:00.000000')
INSERT INTO DATE VALUES(14,'Arbeit','Arbeit',NULL,FALSE,'2013-11-04 08:30:00.000000','2013-11-04 18:00:00.000000')
INSERT INTO DATE VALUES(15,'Arbeit','Arbeit',NULL,TRUE,'2013-11-05 08:30:00.000000','2013-11-05 18:00:00.000000')
INSERT INTO DATE VALUES(16,'Arbeit','Arbeit',NULL,FALSE,'2013-11-05 08:30:00.000000','2013-11-06 18:00:00.000000')
INSERT INTO DATE VALUES(17,'Arbeit','Arbeit',NULL,FALSE,'2013-06-05 08:30:00.000000','2013-06-07 18:00:00.000000')
COMMIT
DELETE FROM LVA WHERE ID=0
DELETE FROM LVA WHERE ID=1
DELETE FROM LVA WHERE ID=2
DELETE FROM LVA WHERE ID=3
DELETE FROM LVA WHERE ID=4
DELETE FROM LVA WHERE ID=5
DELETE FROM LVA WHERE ID=6
DELETE FROM LVA WHERE ID=7
INSERT INTO LVA VALUES(0,0,2013,FALSE,'Hier steht dann die Beschreibung zu Algebra und Diskrete Mathematik f\u00fcr Wirtschaftsinformatik',1,TRUE)
INSERT INTO LVA VALUES(1,1,2013,FALSE,'Hier steht dann die Beschreibung zu Algebra und Diskrete Mathematik f\u00fcr Wirtschaftsinformatik',1,TRUE)
INSERT INTO LVA VALUES(2,2,2013,FALSE,'Hier steht dann die Beschreibung zu Algorithmen und Datenstrukturen 1',1,TRUE)
INSERT INTO LVA VALUES(3,3,2013,FALSE,'Hier steht dann die Beschreibung zu Algorithmen und Datenstrukturen 2',1,TRUE)
INSERT INTO LVA VALUES(4,4,2013,FALSE,'Hier steht dann die Beschreibung zu Technikpsychologie und Technikpsychologie',1,TRUE)
INSERT INTO LVA VALUES(5,5,2013,FALSE,'Hier steht dann die Beschreibung zu Forschungsmethoden',1,TRUE)
INSERT INTO LVA VALUES(6,7,2013,FALSE,'Hier steht dann die Beschreibung zu Softskills f\u00fcr TechnikerInnen',1,TRUE)
INSERT INTO LVA VALUES(7,8,2013,FALSE,'Hier steht dann die Beschreibung zu Studieneingangsgespr\u00e4ch',1,TRUE)
COMMIT
DELETE FROM LVA WHERE ID=0
DELETE FROM LVA WHERE ID=1
DELETE FROM LVA WHERE ID=2
DELETE FROM LVA WHERE ID=3
DELETE FROM LVA WHERE ID=4
DELETE FROM LVA WHERE ID=5
DELETE FROM LVA WHERE ID=6
DELETE FROM LVA WHERE ID=7
INSERT INTO LVA VALUES(0,0,2013,FALSE,'Hier steht dann die Beschreibung zu Algebra und Diskrete Mathematik f\u00fcr Wirtschaftsinformatik',0,FALSE)
INSERT INTO LVA VALUES(1,1,2013,FALSE,'Hier steht dann die Beschreibung zu Algebra und Diskrete Mathematik f\u00fcr Wirtschaftsinformatik',0,FALSE)
INSERT INTO LVA VALUES(2,2,2013,FALSE,'Hier steht dann die Beschreibung zu Algorithmen und Datenstrukturen 1',0,FALSE)
INSERT INTO LVA VALUES(3,3,2013,FALSE,'Hier steht dann die Beschreibung zu Algorithmen und Datenstrukturen 2',0,FALSE)
INSERT INTO LVA VALUES(4,4,2013,FALSE,'Hier steht dann die Beschreibung zu Technikpsychologie und Technikpsychologie',0,FALSE)
INSERT INTO LVA VALUES(5,5,2013,FALSE,'Hier steht dann die Beschreibung zu Forschungsmethoden',0,FALSE)
INSERT INTO LVA VALUES(6,7,2013,FALSE,'Hier steht dann die Beschreibung zu Softskills f\u00fcr TechnikerInnen',0,FALSE)
INSERT INTO LVA VALUES(7,8,2013,FALSE,'Hier steht dann die Beschreibung zu Studieneingangsgespr\u00e4ch',0,FALSE)
COMMIT
DELETE FROM LVA WHERE ID=7
INSERT INTO LVA VALUES(7,8,2013,FALSE,'Hier steht dann die Beschreibung zu Studieneingangsgespr\u00e4ch',1,TRUE)
COMMIT
/*C5*/SET SCHEMA PUBLIC
DISCONNECT
/*C2*/DISCONNECT
